Using pre-set license
Built from '2020.3/staging' branch; Version is '2020.3.4f1 (0abb6314276a) revision 703331'; Using compiler version '192528614'; Build Type 'Release'
OS: 'Windows 10 Pro; OS build 19042.928; Version 2009; 64bit' Language: 'pt' Physical Memory: 4087 MB
BatchMode: 1, IsHumanControllingUs: 0, StartBugReporterOnCrash: 0, Is64bit: 1, IsPro: 0

 COMMAND LINE ARGUMENTS:
C:\Program Files\Unity\Hub\Editor\2020.3.4f1\Editor\Unity.exe
-adb2
-batchMode
-noUpm
-name
AssetImportWorker0
-projectPath
C:/Users/gsant/RogueLike
-logFile
Logs/AssetImportWorker0.log
-srvPort
64802
Successfully changed project path to: C:/Users/gsant/RogueLike
C:/Users/gsant/RogueLike
Using Asset Import Pipeline V2.
Refreshing native plugins compatible for Editor in 97.41 ms, found 1 plugins.
Preloading 0 native plugins for Editor in 0.00 ms.
Initialize engine version: 2020.3.4f1 (0abb6314276a)
[Subsystems] Discovering subsystems at path C:/Program Files/Unity/Hub/Editor/2020.3.4f1/Editor/Data/Resources/UnitySubsystems
[Subsystems] Discovering subsystems at path C:/Users/gsant/RogueLike/Assets
GfxDevice: creating device client; threaded=0
Direct3D:
    Version:  Direct3D 11.0 [level 11.0]
    Renderer: AMD Radeon HD 6870 (ID=0x6738)
    Vendor:   
    VRAM:     1015 MB
    Driver:   15.201.3001.0
Initialize mono
Mono path[0] = 'C:/Program Files/Unity/Hub/Editor/2020.3.4f1/Editor/Data/Managed'
Mono path[1] = 'C:/Program Files/Unity/Hub/Editor/2020.3.4f1/Editor/Data/MonoBleedingEdge/lib/mono/unityjit'
Mono config path = 'C:/Program Files/Unity/Hub/Editor/2020.3.4f1/Editor/Data/MonoBleedingEdge/etc'
Using monoOptions --debugger-agent=transport=dt_socket,embedding=1,server=y,suspend=n,address=127.0.0.1:56160
Begin MonoManager ReloadAssembly
Registering precompiled unity dll's ...
Register platform support module: C:/Program Files/Unity/Hub/Editor/2020.3.4f1/Editor/Data/PlaybackEngines/WebGLSupport/UnityEditor.WebGL.Extensions.dll
Register platform support module: C:/Program Files/Unity/Hub/Editor/2020.3.4f1/Editor/Data/PlaybackEngines/WindowsStandaloneSupport/UnityEditor.WindowsStandalone.Extensions.dll
Registered in 0.010044 seconds.
Native extension for WindowsStandalone target not found
Native extension for WebGL target not found
Refreshing native plugins compatible for Editor in 77.84 ms, found 1 plugins.
Preloading 0 native plugins for Editor in 0.00 ms.
Mono: successfully reloaded assembly
- Completed reload, in  7.608 seconds
Platform modules already initialized, skipping
Registering precompiled user dll's ...
Registered in 0.011041 seconds.
Begin MonoManager ReloadAssembly
Native extension for WindowsStandalone target not found
Native extension for WebGL target not found
Refreshing native plugins compatible for Editor in 86.50 ms, found 1 plugins.
Preloading 0 native plugins for Editor in 0.00 ms.
Mono: successfully reloaded assembly
- Completed reload, in  1.932 seconds
Platform modules already initialized, skipping
========================================================================
Worker process is ready to serve import requests
Launched and connected shader compiler UnityShaderCompiler.exe after 0.22 seconds
Refreshing native plugins compatible for Editor in 1.04 ms, found 1 plugins.
Preloading 0 native plugins for Editor in 0.00 ms.
Unloading 1811 Unused Serialized files (Serialized files now loaded: 0)
System memory in use before: 85.1 MB.
System memory in use after: 85.1 MB.

Unloading 24 unused Assets to reduce memory usage. Loaded Objects now: 2255.
Total: 3.435900 ms (FindLiveObjects: 0.329600 ms CreateObjectMapping: 0.139900 ms MarkObjects: 2.759000 ms  DeleteObjects: 0.205300 ms)

========================================================================
Received Import Request.
  path: Assets/Scripts/EnemyController.cs
  artifactKey: Guid(2ab1cd21a71ad8546952d30683ca0f28) Importer(815301076,1909f56bfc062723c751e8b465ee728b)
Start importing Assets/Scripts/EnemyController.cs using Guid(2ab1cd21a71ad8546952d30683ca0f28) Importer(815301076,1909f56bfc062723c751e8b465ee728b)  -> (artifact id: 'b41733563a292f61d5484564252506e6') in 0.111354 seconds
  Import took 0.120844 seconds .

========================================================================
Received Prepare
Registering precompiled user dll's ...
Registered in 0.001985 seconds.
Begin MonoManager ReloadAssembly
Native extension for WindowsStandalone target not found
Native extension for WebGL target not found
Refreshing native plugins compatible for Editor in 0.59 ms, found 1 plugins.
Preloading 0 native plugins for Editor in 0.00 ms.
Mono: successfully reloaded assembly
- Completed reload, in  1.767 seconds
Platform modules already initialized, skipping
Refreshing native plugins compatible for Editor in 0.74 ms, found 1 plugins.
Preloading 0 native plugins for Editor in 0.00 ms.
Unloading 1806 Unused Serialized files (Serialized files now loaded: 0)
System memory in use before: 85.1 MB.
System memory in use after: 85.1 MB.

Unloading 12 unused Assets to reduce memory usage. Loaded Objects now: 2259.
Total: 3.133400 ms (FindLiveObjects: 0.285500 ms CreateObjectMapping: 0.113300 ms MarkObjects: 2.574200 ms  DeleteObjects: 0.158500 ms)

========================================================================
Received Import Request.
  Time since last request: 244.706362 seconds.
  path: ProjectSettings/TagManager.asset
  artifactKey: Guid(00000000000000003000000000000000) Importer(815301076,1909f56bfc062723c751e8b465ee728b)
Start importing ProjectSettings/TagManager.asset using Guid(00000000000000003000000000000000) Importer(815301076,1909f56bfc062723c751e8b465ee728b)  -> (artifact id: '28b07b4679ea7263a1e3684de0578030') in 0.031097 seconds
  Import took 0.043021 seconds .

========================================================================
Received Prepare
Registering precompiled user dll's ...
Registered in 0.002102 seconds.
Begin MonoManager ReloadAssembly
Native extension for WindowsStandalone target not found
Native extension for WebGL target not found
Refreshing native plugins compatible for Editor in 0.58 ms, found 1 plugins.
Preloading 0 native plugins for Editor in 0.00 ms.
Mono: successfully reloaded assembly
- Completed reload, in  1.638 seconds
Platform modules already initialized, skipping
Refreshing native plugins compatible for Editor in 0.86 ms, found 1 plugins.
Preloading 0 native plugins for Editor in 0.00 ms.
Unloading 1806 Unused Serialized files (Serialized files now loaded: 0)
System memory in use before: 85.1 MB.
System memory in use after: 85.1 MB.

Unloading 13 unused Assets to reduce memory usage. Loaded Objects now: 2263.
Total: 5.071700 ms (FindLiveObjects: 0.334400 ms CreateObjectMapping: 0.116300 ms MarkObjects: 4.347900 ms  DeleteObjects: 0.270300 ms)

========================================================================
Received Prepare
Registering precompiled user dll's ...
Registered in 0.002243 seconds.
Begin MonoManager ReloadAssembly
Native extension for WindowsStandalone target not found
Native extension for WebGL target not found
Refreshing native plugins compatible for Editor in 0.69 ms, found 1 plugins.
Preloading 0 native plugins for Editor in 0.00 ms.
Mono: successfully reloaded assembly
- Completed reload, in  1.621 seconds
Platform modules already initialized, skipping
Refreshing native plugins compatible for Editor in 0.62 ms, found 1 plugins.
Preloading 0 native plugins for Editor in 0.00 ms.
Unloading 1806 Unused Serialized files (Serialized files now loaded: 0)
System memory in use before: 85.1 MB.
System memory in use after: 85.1 MB.

Unloading 12 unused Assets to reduce memory usage. Loaded Objects now: 2267.
Total: 3.246900 ms (FindLiveObjects: 0.466000 ms CreateObjectMapping: 0.114500 ms MarkObjects: 2.506400 ms  DeleteObjects: 0.157900 ms)

========================================================================
Received Import Request.
  Time since last request: 291.102192 seconds.
  path: Assets/Prefabs/Effects/Splatter_4.prefab
  artifactKey: Guid(eba5351f00d7bb040861b4d54e9f197d) Importer(815301076,1909f56bfc062723c751e8b465ee728b)
Start importing Assets/Prefabs/Effects/Splatter_4.prefab using Guid(eba5351f00d7bb040861b4d54e9f197d) Importer(815301076,1909f56bfc062723c751e8b465ee728b)  -> (artifact id: '005ae5302a752a0e29ca8e49a2ad8941') in 0.223767 seconds
  Import took 0.235249 seconds .

========================================================================
Received Import Request.
  Time since last request: 1.223043 seconds.
  path: Assets/Prefabs/Effects/Splatter_1.prefab
  artifactKey: Guid(a2fefdd220d89054d9d93897eb824a83) Importer(815301076,1909f56bfc062723c751e8b465ee728b)
Start importing Assets/Prefabs/Effects/Splatter_1.prefab using Guid(a2fefdd220d89054d9d93897eb824a83) Importer(815301076,1909f56bfc062723c751e8b465ee728b)  -> (artifact id: '17bdc63bb06fb36207fd456d6b6f13b9') in 0.017141 seconds
  Import took 0.023716 seconds .

========================================================================
Received Import Request.
  Time since last request: 0.020997 seconds.
  path: Assets/Prefabs/Effects/Splatter_1.prefab
  artifactKey: Guid(a2fefdd220d89054d9d93897eb824a83) Importer(815301076,1909f56bfc062723c751e8b465ee728b)
Start importing Assets/Prefabs/Effects/Splatter_1.prefab using Guid(a2fefdd220d89054d9d93897eb824a83) Importer(815301076,1909f56bfc062723c751e8b465ee728b)  -> (artifact id: '17bdc63bb06fb36207fd456d6b6f13b9') in 0.015887 seconds
  Import took 0.022253 seconds .

========================================================================
Received Import Request.
  Time since last request: 1.686330 seconds.
  path: Assets/Prefabs/Effects/Splatter_2.prefab
  artifactKey: Guid(2549e8ef099bbb146974318f0ad5cc7c) Importer(815301076,1909f56bfc062723c751e8b465ee728b)
Start importing Assets/Prefabs/Effects/Splatter_2.prefab using Guid(2549e8ef099bbb146974318f0ad5cc7c) Importer(815301076,1909f56bfc062723c751e8b465ee728b)  -> (artifact id: '2040cdb9598909c66f22beeb98724502') in 0.024628 seconds
  Import took 0.031936 seconds .

========================================================================
Received Import Request.
  Time since last request: 0.018141 seconds.
  path: Assets/Prefabs/Effects/Splatter_2.prefab
  artifactKey: Guid(2549e8ef099bbb146974318f0ad5cc7c) Importer(815301076,1909f56bfc062723c751e8b465ee728b)
Start importing Assets/Prefabs/Effects/Splatter_2.prefab using Guid(2549e8ef099bbb146974318f0ad5cc7c) Importer(815301076,1909f56bfc062723c751e8b465ee728b)  -> (artifact id: '2040cdb9598909c66f22beeb98724502') in 0.018222 seconds
  Import took 0.027161 seconds .

========================================================================
Received Import Request.
  Time since last request: 1.261818 seconds.
  path: Assets/Prefabs/Effects/Splatter_3.prefab
  artifactKey: Guid(068c5a4ac6f70f14c97b90e33d913ff9) Importer(815301076,1909f56bfc062723c751e8b465ee728b)
Start importing Assets/Prefabs/Effects/Splatter_3.prefab using Guid(068c5a4ac6f70f14c97b90e33d913ff9) Importer(815301076,1909f56bfc062723c751e8b465ee728b)  -> (artifact id: '6aca849e1cd1890cd323f72e75a33a2c') in 0.017705 seconds
  Import took 0.024321 seconds .

========================================================================
Received Import Request.
  Time since last request: 0.021666 seconds.
  path: Assets/Prefabs/Effects/Splatter_3.prefab
  artifactKey: Guid(068c5a4ac6f70f14c97b90e33d913ff9) Importer(815301076,1909f56bfc062723c751e8b465ee728b)
Start importing Assets/Prefabs/Effects/Splatter_3.prefab using Guid(068c5a4ac6f70f14c97b90e33d913ff9) Importer(815301076,1909f56bfc062723c751e8b465ee728b)  -> (artifact id: '6aca849e1cd1890cd323f72e75a33a2c') in 0.016031 seconds
  Import took 0.025220 seconds .

========================================================================
Received Import Request.
  Time since last request: 1.219933 seconds.
  path: Assets/Prefabs/Effects/Splatter_0.prefab
  artifactKey: Guid(6285b32360040514ea71c588b8ddac25) Importer(815301076,1909f56bfc062723c751e8b465ee728b)
Start importing Assets/Prefabs/Effects/Splatter_0.prefab using Guid(6285b32360040514ea71c588b8ddac25) Importer(815301076,1909f56bfc062723c751e8b465ee728b)  -> (artifact id: 'd08a08d1b05571e9cc858fd2cdd2e2f5') in 0.016545 seconds
  Import took 0.024278 seconds .

========================================================================
Received Import Request.
  Time since last request: 0.020140 seconds.
  path: Assets/Prefabs/Effects/Splatter_0.prefab
  artifactKey: Guid(6285b32360040514ea71c588b8ddac25) Importer(815301076,1909f56bfc062723c751e8b465ee728b)
Start importing Assets/Prefabs/Effects/Splatter_0.prefab using Guid(6285b32360040514ea71c588b8ddac25) Importer(815301076,1909f56bfc062723c751e8b465ee728b)  -> (artifact id: 'd08a08d1b05571e9cc858fd2cdd2e2f5') in 0.015154 seconds
  Import took 0.020482 seconds .

========================================================================
Received Prepare
Registering precompiled user dll's ...
Registered in 0.002138 seconds.
Begin MonoManager ReloadAssembly
Native extension for WindowsStandalone target not found
Native extension for WebGL target not found
Refreshing native plugins compatible for Editor in 0.75 ms, found 1 plugins.
Preloading 0 native plugins for Editor in 0.00 ms.
Mono: successfully reloaded assembly
- Completed reload, in  1.676 seconds
Platform modules already initialized, skipping
Refreshing native plugins compatible for Editor in 1.04 ms, found 1 plugins.
Preloading 0 native plugins for Editor in 0.00 ms.
Unloading 1806 Unused Serialized files (Serialized files now loaded: 0)
System memory in use before: 88.3 MB.
System memory in use after: 88.3 MB.

Unloading 12 unused Assets to reduce memory usage. Loaded Objects now: 2278.
Total: 5.022900 ms (FindLiveObjects: 0.659300 ms CreateObjectMapping: 0.147300 ms MarkObjects: 4.055700 ms  DeleteObjects: 0.156500 ms)

========================================================================
Received Prepare
Registering precompiled user dll's ...
Registered in 0.002041 seconds.
Begin MonoManager ReloadAssembly
Native extension for WindowsStandalone target not found
Native extension for WebGL target not found
Refreshing native plugins compatible for Editor in 0.63 ms, found 1 plugins.
Preloading 0 native plugins for Editor in 0.00 ms.
Mono: successfully reloaded assembly
- Completed reload, in  1.556 seconds
Platform modules already initialized, skipping
Refreshing native plugins compatible for Editor in 0.66 ms, found 1 plugins.
Preloading 0 native plugins for Editor in 0.00 ms.
Unloading 1806 Unused Serialized files (Serialized files now loaded: 0)
System memory in use before: 88.3 MB.
System memory in use after: 88.3 MB.

Unloading 12 unused Assets to reduce memory usage. Loaded Objects now: 2282.
Total: 3.623300 ms (FindLiveObjects: 0.298100 ms CreateObjectMapping: 0.113600 ms MarkObjects: 3.033300 ms  DeleteObjects: 0.176400 ms)

========================================================================
Received Prepare
Registering precompiled user dll's ...
Registered in 0.002619 seconds.
Begin MonoManager ReloadAssembly
Native extension for WindowsStandalone target not found
Native extension for WebGL target not found
Refreshing native plugins compatible for Editor in 0.58 ms, found 1 plugins.
Preloading 0 native plugins for Editor in 0.00 ms.
Mono: successfully reloaded assembly
- Completed reload, in  1.698 seconds
Platform modules already initialized, skipping
Refreshing native plugins compatible for Editor in 1.23 ms, found 1 plugins.
Preloading 0 native plugins for Editor in 0.00 ms.
Unloading 1806 Unused Serialized files (Serialized files now loaded: 0)
System memory in use before: 88.3 MB.
System memory in use after: 88.3 MB.

Unloading 12 unused Assets to reduce memory usage. Loaded Objects now: 2286.
Total: 11.119500 ms (FindLiveObjects: 1.075600 ms CreateObjectMapping: 0.244800 ms MarkObjects: 9.305400 ms  DeleteObjects: 0.489100 ms)

========================================================================
Received Prepare
Registering precompiled user dll's ...
Registered in 0.002037 seconds.
Begin MonoManager ReloadAssembly
Native extension for WindowsStandalone target not found
Native extension for WebGL target not found
Refreshing native plugins compatible for Editor in 0.59 ms, found 1 plugins.
Preloading 0 native plugins for Editor in 0.00 ms.
Mono: successfully reloaded assembly
- Completed reload, in  1.645 seconds
Platform modules already initialized, skipping
Refreshing native plugins compatible for Editor in 1.09 ms, found 1 plugins.
Preloading 0 native plugins for Editor in 0.00 ms.
Unloading 1806 Unused Serialized files (Serialized files now loaded: 0)
System memory in use before: 88.3 MB.
System memory in use after: 88.3 MB.

Unloading 12 unused Assets to reduce memory usage. Loaded Objects now: 2290.
Total: 5.031400 ms (FindLiveObjects: 0.500900 ms CreateObjectMapping: 0.137700 ms MarkObjects: 4.221500 ms  DeleteObjects: 0.168900 ms)

========================================================================
Received Prepare
Registering precompiled user dll's ...
Registered in 0.011424 seconds.
Begin MonoManager ReloadAssembly
Native extension for WindowsStandalone target not found
Native extension for WebGL target not found
Refreshing native plugins compatible for Editor in 0.63 ms, found 1 plugins.
Preloading 0 native plugins for Editor in 0.00 ms.
Mono: successfully reloaded assembly
- Completed reload, in  1.633 seconds
Platform modules already initialized, skipping
Refreshing native plugins compatible for Editor in 0.92 ms, found 1 plugins.
Preloading 0 native plugins for Editor in 0.00 ms.
Unloading 1806 Unused Serialized files (Serialized files now loaded: 0)
System memory in use before: 88.3 MB.
System memory in use after: 88.3 MB.

Unloading 12 unused Assets to reduce memory usage. Loaded Objects now: 2294.
Total: 7.561900 ms (FindLiveObjects: 1.087400 ms CreateObjectMapping: 0.174200 ms MarkObjects: 6.098000 ms  DeleteObjects: 0.199000 ms)

========================================================================
Received Import Request.
  Time since last request: 2017.131159 seconds.
  path: Assets/Prefabs/Effects/Enemy Hit Effect.prefab
  artifactKey: Guid(6807edaf810112a42ad2fd4033dbadab) Importer(815301076,1909f56bfc062723c751e8b465ee728b)
Start importing Assets/Prefabs/Effects/Enemy Hit Effect.prefab using Guid(6807edaf810112a42ad2fd4033dbadab) Importer(815301076,1909f56bfc062723c751e8b465ee728b)  -> (artifact id: 'f211c0718c3961ddcae11684a66747f8') in 0.807925 seconds
  Import took 0.878144 seconds .

========================================================================
Received Prepare
Registering precompiled user dll's ...
Registered in 0.004215 seconds.
Begin MonoManager ReloadAssembly
Native extension for WindowsStandalone target not found
Native extension for WebGL target not found
Refreshing native plugins compatible for Editor in 0.63 ms, found 1 plugins.
Preloading 0 native plugins for Editor in 0.00 ms.
Mono: successfully reloaded assembly
- Completed reload, in  2.046 seconds
Platform modules already initialized, skipping
Refreshing native plugins compatible for Editor in 0.72 ms, found 1 plugins.
Preloading 0 native plugins for Editor in 0.00 ms.
Unloading 1806 Unused Serialized files (Serialized files now loaded: 0)
System memory in use before: 88.4 MB.
System memory in use after: 88.3 MB.

Unloading 12 unused Assets to reduce memory usage. Loaded Objects now: 2298.
Total: 4.379900 ms (FindLiveObjects: 0.336300 ms CreateObjectMapping: 0.124600 ms MarkObjects: 3.017800 ms  DeleteObjects: 0.898600 ms)

========================================================================
Received Prepare
Registering precompiled user dll's ...
Registered in 0.002060 seconds.
Begin MonoManager ReloadAssembly
Native extension for WindowsStandalone target not found
Native extension for WebGL target not found
Refreshing native plugins compatible for Editor in 0.58 ms, found 1 plugins.
Preloading 0 native plugins for Editor in 0.00 ms.
Mono: successfully reloaded assembly
- Completed reload, in  1.618 seconds
Platform modules already initialized, skipping
Refreshing native plugins compatible for Editor in 0.80 ms, found 1 plugins.
Preloading 0 native plugins for Editor in 0.00 ms.
Unloading 1806 Unused Serialized files (Serialized files now loaded: 0)
System memory in use before: 88.4 MB.
System memory in use after: 88.3 MB.

Unloading 12 unused Assets to reduce memory usage. Loaded Objects now: 2302.
Total: 3.408200 ms (FindLiveObjects: 0.300200 ms CreateObjectMapping: 0.145100 ms MarkObjects: 2.798900 ms  DeleteObjects: 0.161500 ms)

